c:\users\administrator\source\repos\softrender\softrender\debug\vc141.pdb
c:\users\administrator\source\repos\softrender\softrender\debug\vc141.idb
c:\users\administrator\source\repos\softrender\softrender\debug\window.obj
c:\users\administrator\source\repos\softrender\softrender\debug\vertex.obj
c:\users\administrator\source\repos\softrender\softrender\debug\vector3.obj
c:\users\administrator\source\repos\softrender\softrender\debug\transform.obj
c:\users\administrator\source\repos\softrender\softrender\debug\texture.obj
c:\users\administrator\source\repos\softrender\softrender\debug\shader.obj
c:\users\administrator\source\repos\softrender\softrender\debug\renderer.obj
c:\users\administrator\source\repos\softrender\softrender\debug\objfilereader.obj
c:\users\administrator\source\repos\softrender\softrender\debug\mesh.obj
c:\users\administrator\source\repos\softrender\softrender\debug\matrix.obj
c:\users\administrator\source\repos\softrender\softrender\debug\mymath.obj
c:\users\administrator\source\repos\softrender\softrender\debug\light.obj
c:\users\administrator\source\repos\softrender\softrender\debug\color.obj
c:\users\administrator\source\repos\softrender\softrender\debug\camera.obj
c:\users\administrator\source\repos\softrender\softrender\debug\main.obj
c:\users\administrator\source\repos\softrender\debug\softrender.exe
c:\users\administrator\source\repos\softrender\debug\softrender.ilk
c:\users\administrator\source\repos\softrender\debug\softrender.pdb
c:\users\administrator\source\repos\softrender\softrender\debug\softrender.tlog\cl.command.1.tlog
c:\users\administrator\source\repos\softrender\softrender\debug\softrender.tlog\cl.read.1.tlog
c:\users\administrator\source\repos\softrender\softrender\debug\softrender.tlog\cl.write.1.tlog
c:\users\administrator\source\repos\softrender\softrender\debug\softrender.tlog\link.command.1.tlog
c:\users\administrator\source\repos\softrender\softrender\debug\softrender.tlog\link.read.1.tlog
c:\users\administrator\source\repos\softrender\softrender\debug\softrender.tlog\link.write.1.tlog
